<?xml version="1.0" encoding="UTF-8"?>
<libosinfo version="0.0.1">
  <os id="http://fedoraproject.org/fedora/16">
    <short-id>fedora16</short-id>
    <name>Fedora 16</name>
    <version>16</version>
    <vendor>Fedora Project</vendor>
    <family>linux</family>
    <distro>fedora</distro>
    <codename>Verne</codename>

    <media arch="i686">
      <url>http://archive.fedoraproject.org/pub/archive/fedora/linux/releases/16/Fedora/i386/iso/Fedora-16-i386-DVD.iso</url>
      <iso>
        <volume-id>Fedora 16 i386 DVD</volume-id>
        <system-id>LINUX</system-id>
        <volume-size>3806375936</volume-size>
      </iso>
      <kernel>isolinux/vmlinuz</kernel>
      <initrd>isolinux/initrd.img</initrd>
    </media>
  </os>

  <os id="http://libosinfo.org/test/os/test1">
    <short-id>test1</short-id>
    <name>Test 1</name>
    <version>unknown</version>
    <vendor>libosinfo.org</vendor>
    <family>test</family>
    <release-status>prerelease</release-status>
  </os>

  <os id="http://libosinfo.org/test/os/test2">
    <short-id>test2</short-id>
    <release-status>released</release-status>
  </os>

  <os id="http://libosinfo.org/test/os/test3">
    <short-id>test3</short-id>
  </os>

  <os id="http://libosinfo.org/test/os/test4">
    <short-id>test4</short-id>
    <release-status>snapshot</release-status>
  </os>

  <os id="http://libosinfo.org/test/os/test5">
    <short-id>test5</short-id>
    <release-status>invalid-value</release-status>
  </os>
</libosinfo>
