<?xml version="1.0" encoding="UTF-8"?>
<libosinfo version="0.0.1">
  <os id="http://libosinfo.org/test/os/test3">
    <short-id>test3</short-id>
  </os>
</libosinfo>
