<?xml version="1.0" encoding="UTF-8"?>
<libosinfo version="0.0.1">
  <os id="http://libosinfo.org/test/os/test4">
    <short-id>test4</short-id>
    <release-status>snapshot</release-status>
  </os>
</libosinfo>
