<?xml version="1.0" encoding="UTF-8"?>
<libosinfo version="0.0.1">
  <os id="http://libosinfo.org/test/os/test5">
    <short-id>test5</short-id>
    <release-status>invalid-value</release-status>
  </os>
</libosinfo>
